<?xml version="1.0" encoding="UTF-8"?>
<coverage generated="1525618240362" clover="3.2.0">
  <project timestamp="1525618240362" name="All files">
    <metrics statements="108" coveredstatements="31" conditionals="32" coveredconditionals="9" methods="44" coveredmethods="11" elements="184" coveredelements="51" complexity="0" loc="108" ncloc="108" packages="7" files="13" classes="13">
      <package name="src">
        <metrics statements="16" coveredstatements="0" conditionals="4" coveredconditionals="0" methods="2" coveredmethods="0"/>
        <file name="index.js" path="/Users/rcn9342/PokedexApp/src/index.js">
          <metrics statements="16" coveredstatements="0" conditionals="4" coveredconditionals="0" methods="2" coveredmethods="0"/>
          <line num="1" count="0" type="stmt"/>
          <line num="2" count="0" type="stmt"/>
          <line num="3" count="0" type="stmt"/>
          <line num="4" count="0" type="stmt"/>
          <line num="5" count="0" type="stmt"/>
          <line num="6" count="0" type="stmt"/>
          <line num="7" count="0" type="stmt"/>
          <line num="8" count="0" type="stmt"/>
          <line num="9" count="0" type="stmt"/>
          <line num="10" count="0" type="stmt"/>
          <line num="11" count="0" type="cond" truecount="0" falsecount="4"/>
          <line num="13" count="0" type="stmt"/>
          <line num="15" count="0" type="stmt"/>
          <line num="17" count="0" type="stmt"/>
          <line num="18" count="0" type="stmt"/>
          <line num="21" count="0" type="stmt"/>
        </file>
      </package>
      <package name="src.actions">
        <metrics statements="2" coveredstatements="2" conditionals="0" coveredconditionals="0" methods="2" coveredmethods="2"/>
        <file name="action.js" path="/Users/rcn9342/PokedexApp/src/actions/action.js">
          <metrics statements="2" coveredstatements="2" conditionals="0" coveredconditionals="0" methods="2" coveredmethods="2"/>
          <line num="2" count="3" type="stmt"/>
          <line num="7" count="3" type="stmt"/>
        </file>
      </package>
      <package name="src.components">
        <metrics statements="34" coveredstatements="15" conditionals="9" coveredconditionals="4" methods="16" coveredmethods="6"/>
        <file name="Header.js" path="/Users/rcn9342/PokedexApp/src/components/Header.js">
          <metrics statements="3" coveredstatements="3" conditionals="0" coveredconditionals="0" methods="1" coveredmethods="1"/>
          <line num="4" count="1" type="stmt"/>
          <line num="18" count="1" type="stmt"/>
          <line num="29" count="1" type="stmt"/>
        </file>
        <file name="PokemonDetails.js" path="/Users/rcn9342/PokedexApp/src/components/PokemonDetails.js">
          <metrics statements="8" coveredstatements="0" conditionals="0" coveredconditionals="0" methods="6" coveredmethods="0"/>
          <line num="10" count="0" type="stmt"/>
          <line num="12" count="0" type="stmt"/>
          <line num="21" count="0" type="stmt"/>
          <line num="22" count="0" type="stmt"/>
          <line num="27" count="0" type="stmt"/>
          <line num="29" count="0" type="stmt"/>
          <line num="78" count="0" type="stmt"/>
          <line num="79" count="0" type="stmt"/>
        </file>
        <file name="PokemonListItem.js" path="/Users/rcn9342/PokedexApp/src/components/PokemonListItem.js">
          <metrics statements="23" coveredstatements="12" conditionals="9" coveredconditionals="4" methods="9" coveredmethods="5"/>
          <line num="11" count="2" type="stmt"/>
          <line num="12" count="2" type="stmt"/>
          <line num="18" count="3" type="stmt"/>
          <line num="22" count="0" type="stmt"/>
          <line num="23" count="0" type="cond" truecount="0" falsecount="2"/>
          <line num="24" count="0" type="stmt"/>
          <line num="25" count="0" type="stmt"/>
          <line num="28" count="0" type="stmt"/>
          <line num="33" count="0" type="stmt"/>
          <line num="37" count="2" type="stmt"/>
          <line num="38" count="2" type="stmt"/>
          <line num="39" count="2" type="stmt"/>
          <line num="40" count="6" type="cond" truecount="1" falsecount="1"/>
          <line num="42" count="0" type="stmt"/>
          <line num="44" count="2" type="stmt"/>
          <line num="50" count="2" type="stmt"/>
          <line num="51" count="2" type="stmt"/>
          <line num="52" count="2" type="stmt"/>
          <line num="53" count="2" type="stmt"/>
          <line num="61" count="0" type="stmt"/>
          <line num="62" count="0" type="stmt"/>
          <line num="65" count="0" type="stmt"/>
          <line num="66" count="0" type="stmt"/>
        </file>
      </package>
      <package name="src.containers">
        <metrics statements="23" coveredstatements="3" conditionals="6" coveredconditionals="0" methods="12" coveredmethods="0"/>
        <file name="AllPokemon.js" path="/Users/rcn9342/PokedexApp/src/containers/AllPokemon.js">
          <metrics statements="18" coveredstatements="0" conditionals="6" coveredconditionals="0" methods="9" coveredmethods="0"/>
          <line num="1" count="0" type="stmt"/>
          <line num="2" count="0" type="stmt"/>
          <line num="3" count="0" type="stmt"/>
          <line num="4" count="0" type="stmt"/>
          <line num="5" count="0" type="stmt"/>
          <line num="6" count="0" type="stmt"/>
          <line num="7" count="0" type="cond" truecount="0" falsecount="4"/>
          <line num="11" count="0" type="stmt"/>
          <line num="32" count="0" type="cond" truecount="0" falsecount="2"/>
          <line num="34" count="0" type="stmt"/>
          <line num="35" count="0" type="stmt"/>
          <line num="37" count="0" type="stmt"/>
          <line num="40" count="0" type="stmt"/>
          <line num="42" count="0" type="stmt"/>
          <line num="45" count="0" type="stmt"/>
          <line num="47" count="0" type="stmt"/>
          <line num="55" count="0" type="stmt"/>
          <line num="61" count="0" type="stmt"/>
        </file>
        <file name="MyPokemonList.js" path="/Users/rcn9342/PokedexApp/src/containers/MyPokemonList.js">
          <metrics statements="5" coveredstatements="3" conditionals="0" coveredconditionals="0" methods="3" coveredmethods="0"/>
          <line num="5" count="1" type="stmt"/>
          <line num="7" count="1" type="stmt"/>
          <line num="8" count="0" type="stmt"/>
          <line num="13" count="0" type="stmt"/>
          <line num="22" count="1" type="stmt"/>
        </file>
      </package>
      <package name="src.reducers">
        <metrics statements="7" coveredstatements="5" conditionals="8" coveredconditionals="4" methods="3" coveredmethods="1"/>
        <file name="combineReducer.js" path="/Users/rcn9342/PokedexApp/src/reducers/combineReducer.js">
          <metrics statements="2" coveredstatements="0" conditionals="4" coveredconditionals="0" methods="1" coveredmethods="0"/>
          <line num="1" count="0" type="stmt"/>
          <line num="2" count="0" type="cond" truecount="0" falsecount="4"/>
        </file>
        <file name="reducer.js" path="/Users/rcn9342/PokedexApp/src/reducers/reducer.js">
          <metrics statements="5" coveredstatements="5" conditionals="4" coveredconditionals="4" methods="2" coveredmethods="1"/>
          <line num="1" count="1" type="cond" truecount="1" falsecount="0"/>
          <line num="2" count="3" type="cond" truecount="3" falsecount="0"/>
          <line num="4" count="1" type="stmt"/>
          <line num="11" count="1" type="stmt"/>
          <line num="13" count="1" type="stmt"/>
        </file>
      </package>
      <package name="src.tests.test-utils">
        <metrics statements="12" coveredstatements="5" conditionals="3" coveredconditionals="1" methods="7" coveredmethods="2"/>
        <file name="AsyncUtil.js" path="/Users/rcn9342/PokedexApp/src/tests/test-utils/AsyncUtil.js">
          <metrics statements="6" coveredstatements="5" conditionals="1" coveredconditionals="1" methods="2" coveredmethods="2"/>
          <line num="2" count="1" type="cond" truecount="1" falsecount="0"/>
          <line num="3" count="1" type="stmt"/>
          <line num="4" count="1" type="stmt"/>
          <line num="5" count="1" type="stmt"/>
          <line num="6" count="1" type="stmt"/>
          <line num="8" count="0" type="stmt"/>
        </file>
        <file name="LocalStorageMock.js" path="/Users/rcn9342/PokedexApp/src/tests/test-utils/LocalStorageMock.js">
          <metrics statements="6" coveredstatements="0" conditionals="2" coveredconditionals="0" methods="5" coveredmethods="0"/>
          <line num="3" count="0" type="stmt"/>
          <line num="7" count="0" type="stmt"/>
          <line num="11" count="0" type="cond" truecount="0" falsecount="2"/>
          <line num="15" count="0" type="stmt"/>
          <line num="19" count="0" type="stmt"/>
          <line num="23" count="0" type="stmt"/>
        </file>
      </package>
      <package name="src.utils">
        <metrics statements="14" coveredstatements="1" conditionals="2" coveredconditionals="0" methods="2" coveredmethods="0"/>
        <file name="WebApi.js" path="/Users/rcn9342/PokedexApp/src/utils/WebApi.js">
          <metrics statements="3" coveredstatements="1" conditionals="0" coveredconditionals="0" methods="0" coveredmethods="0"/>
          <line num="2" count="1" type="stmt"/>
          <line num="5" count="0" type="stmt"/>
          <line num="9" count="0" type="stmt"/>
        </file>
        <file name="localStorage.js" path="/Users/rcn9342/PokedexApp/src/utils/localStorage.js">
          <metrics statements="11" coveredstatements="0" conditionals="2" coveredconditionals="0" methods="2" coveredmethods="0"/>
          <line num="1" count="0" type="stmt"/>
          <line num="2" count="0" type="stmt"/>
          <line num="3" count="0" type="stmt"/>
          <line num="4" count="0" type="cond" truecount="0" falsecount="2"/>
          <line num="5" count="0" type="stmt"/>
          <line num="6" count="0" type="stmt"/>
          <line num="9" count="0" type="stmt"/>
          <line num="13" count="0" type="stmt"/>
          <line num="14" count="0" type="stmt"/>
          <line num="15" count="0" type="stmt"/>
          <line num="16" count="0" type="stmt"/>
        </file>
      </package>
    </metrics>
  </project>
</coverage>
