{"/Users/rcn9342/PokedexApp/src/index.js": {"path":"/Users/rcn9342/PokedexApp/src/index.js","statementMap":{"0":{"start":{"line":1,"column":32},"end":{"line":1,"column":72}},"1":{"start":{"line":1,"column":86},"end":{"line":1,"column":102}},"2":{"start":{"line":1,"column":117},"end":{"line":1,"column":147}},"3":{"start":{"line":2,"column":16},"end":{"line":2,"column":36}},"4":{"start":{"line":3,"column":13},"end":{"line":3,"column":29}},"5":{"start":{"line":4,"column":18},"end":{"line":4,"column":40}},"6":{"start":{"line":5,"column":18},"end":{"line":5,"column":52}},"7":{"start":{"line":5,"column":72},"end":{"line":5,"column":107}},"8":{"start":{"line":6,"column":22},"end":{"line":6,"column":58}},"9":{"start":{"line":6,"column":82},"end":{"line":6,"column":121}},"10":{"start":{"line":7,"column":22},"end":{"line":7,"column":49}},"11":{"start":{"line":8,"column":14},"end":{"line":8,"column":44}},"12":{"start":{"line":8,"column":60},"end":{"line":8,"column":91}},"13":{"start":{"line":9,"column":21},"end":{"line":9,"column":58}},"14":{"start":{"line":9,"column":81},"end":{"line":9,"column":119}},"15":{"start":{"line":10,"column":20},"end":{"line":10,"column":51}},"16":{"start":{"line":11,"column":22},"end":{"line":11,"column":60}},"17":{"start":{"line":11,"column":99},"end":{"line":11,"column":153}},"18":{"start":{"line":13,"column":23},"end":{"line":13,"column":53}},"19":{"start":{"line":15,"column":14},"end":{"line":15,"column":79}},"20":{"start":{"line":17,"column":0},"end":{"line":19,"column":3}},"21":{"start":{"line":18,"column":4},"end":{"line":18,"column":51}},"22":{"start":{"line":21,"column":0},"end":{"line":32,"column":33}}},"fnMap":{"0":{"name":"_interopRequireDefault","decl":{"start":{"line":11,"column":70},"end":{"line":11,"column":92}},"loc":{"start":{"line":11,"column":98},"end":{"line":11,"column":154}},"line":11},"1":{"name":"(anonymous_1)","decl":{"start":{"line":17,"column":16},"end":{"line":17,"column":17}},"loc":{"start":{"line":17,"column":22},"end":{"line":19,"column":1}},"line":17}},"branchMap":{"0":{"loc":{"start":{"line":11,"column":106},"end":{"line":11,"column":152}},"type":"cond-expr","locations":[{"start":{"line":11,"column":130},"end":{"line":11,"column":133}},{"start":{"line":11,"column":136},"end":{"line":11,"column":152}}],"line":11},"1":{"loc":{"start":{"line":11,"column":106},"end":{"line":11,"column":127}},"type":"binary-expr","locations":[{"start":{"line":11,"column":106},"end":{"line":11,"column":109}},{"start":{"line":11,"column":113},"end":{"line":11,"column":127}}],"line":11}},"s":{"0":0,"1":0,"2":0,"3":0,"4":0,"5":0,"6":0,"7":0,"8":0,"9":0,"10":0,"11":0,"12":0,"13":0,"14":0,"15":0,"16":0,"17":0,"18":0,"19":0,"20":0,"21":0,"22":0},"f":{"0":0,"1":0},"b":{"0":[0,0],"1":[0,0]}}
,"/Users/rcn9342/PokedexApp/src/actions/action.js": {"path":"/Users/rcn9342/PokedexApp/src/actions/action.js","statementMap":{"0":{"start":{"line":2,"column":26},"end":{"line":5,"column":2}},"1":{"start":{"line":2,"column":35},"end":{"line":5,"column":1}},"2":{"start":{"line":7,"column":29},"end":{"line":10,"column":2}},"3":{"start":{"line":7,"column":38},"end":{"line":10,"column":1}}},"fnMap":{"0":{"name":"(anonymous_0)","decl":{"start":{"line":2,"column":26},"end":{"line":2,"column":27}},"loc":{"start":{"line":2,"column":35},"end":{"line":5,"column":1}},"line":2},"1":{"name":"(anonymous_1)","decl":{"start":{"line":7,"column":29},"end":{"line":7,"column":30}},"loc":{"start":{"line":7,"column":38},"end":{"line":10,"column":1}},"line":7}},"branchMap":{},"s":{"0":3,"1":1,"2":3,"3":1},"f":{"0":1,"1":1},"b":{},"_coverageSchema":"332fd63041d2c1bcb487cc26dd0d5f7d97098a6c","hash":"c341357e13749939d8ddffebcb8197b2a5cb44ee"}
,"/Users/rcn9342/PokedexApp/src/components/Header.js": {"path":"/Users/rcn9342/PokedexApp/src/components/Header.js","statementMap":{"0":{"start":{"line":4,"column":15},"end":{"line":17,"column":1}},"1":{"start":{"line":18,"column":15},"end":{"line":26,"column":1}},"2":{"start":{"line":29,"column":8},"end":{"line":33,"column":9}}},"fnMap":{"0":{"name":"(anonymous_0)","decl":{"start":{"line":28,"column":4},"end":{"line":28,"column":5}},"loc":{"start":{"line":28,"column":13},"end":{"line":34,"column":5}},"line":28}},"branchMap":{},"s":{"0":1,"1":1,"2":1},"f":{"0":1},"b":{},"_coverageSchema":"332fd63041d2c1bcb487cc26dd0d5f7d97098a6c","hash":"2740fb5aab07f50e217b1035ac68caac54f60736"}
,"/Users/rcn9342/PokedexApp/src/components/PokemonDetails.js": {"path":"/Users/rcn9342/PokedexApp/src/components/PokemonDetails.js","statementMap":{"0":{"start":{"line":10,"column":8},"end":{"line":10,"column":20}},"1":{"start":{"line":12,"column":8},"end":{"line":18,"column":9}},"2":{"start":{"line":21,"column":8},"end":{"line":21,"column":29}},"3":{"start":{"line":22,"column":8},"end":{"line":24,"column":10}},"4":{"start":{"line":27,"column":7},"end":{"line":33,"column":14}},"5":{"start":{"line":27,"column":71},"end":{"line":27,"column":81}},"6":{"start":{"line":29,"column":15},"end":{"line":32,"column":17}},"7":{"start":{"line":78,"column":33},"end":{"line":78,"column":43}},"8":{"start":{"line":79,"column":8},"end":{"line":99,"column":9}}},"fnMap":{"0":{"name":"(anonymous_0)","decl":{"start":{"line":9,"column":4},"end":{"line":9,"column":5}},"loc":{"start":{"line":9,"column":22},"end":{"line":19,"column":5}},"line":9},"1":{"name":"(anonymous_1)","decl":{"start":{"line":20,"column":4},"end":{"line":20,"column":5}},"loc":{"start":{"line":20,"column":40},"end":{"line":25,"column":5}},"line":20},"2":{"name":"(anonymous_2)","decl":{"start":{"line":26,"column":3},"end":{"line":26,"column":4}},"loc":{"start":{"line":26,"column":23},"end":{"line":52,"column":4}},"line":26},"3":{"name":"(anonymous_3)","decl":{"start":{"line":27,"column":64},"end":{"line":27,"column":65}},"loc":{"start":{"line":27,"column":71},"end":{"line":27,"column":81}},"line":27},"4":{"name":"(anonymous_4)","decl":{"start":{"line":28,"column":17},"end":{"line":28,"column":18}},"loc":{"start":{"line":28,"column":29},"end":{"line":33,"column":12}},"line":28},"5":{"name":"(anonymous_5)","decl":{"start":{"line":77,"column":4},"end":{"line":77,"column":5}},"loc":{"start":{"line":77,"column":13},"end":{"line":101,"column":5}},"line":77}},"branchMap":{},"s":{"0":0,"1":0,"2":0,"3":0,"4":0,"5":0,"6":0,"7":0,"8":0},"f":{"0":0,"1":0,"2":0,"3":0,"4":0,"5":0},"b":{},"_coverageSchema":"332fd63041d2c1bcb487cc26dd0d5f7d97098a6c","hash":"0c27fb9bc60be59ceaca087623603c667b649bba"}
,"/Users/rcn9342/PokedexApp/src/components/PokemonListItem.js": {"path":"/Users/rcn9342/PokedexApp/src/components/PokemonListItem.js","statementMap":{"0":{"start":{"line":11,"column":8},"end":{"line":11,"column":21}},"1":{"start":{"line":12,"column":8},"end":{"line":14,"column":9}},"2":{"start":{"line":18,"column":8},"end":{"line":18,"column":75}},"3":{"start":{"line":22,"column":19},"end":{"line":22,"column":59}},"4":{"start":{"line":23,"column":8},"end":{"line":29,"column":9}},"5":{"start":{"line":24,"column":12},"end":{"line":24,"column":52}},"6":{"start":{"line":25,"column":12},"end":{"line":25,"column":50}},"7":{"start":{"line":28,"column":12},"end":{"line":28,"column":48}},"8":{"start":{"line":33,"column":8},"end":{"line":33,"column":48}},"9":{"start":{"line":37,"column":26},"end":{"line":37,"column":36}},"10":{"start":{"line":38,"column":32},"end":{"line":38,"column":61}},"11":{"start":{"line":39,"column":24},"end":{"line":39,"column":56}},"12":{"start":{"line":40,"column":8},"end":{"line":45,"column":10}},"13":{"start":{"line":40,"column":32},"end":{"line":41,"column":32}},"14":{"start":{"line":42,"column":12},"end":{"line":42,"column":24}},"15":{"start":{"line":44,"column":12},"end":{"line":44,"column":23}},"16":{"start":{"line":50,"column":39},"end":{"line":50,"column":49}},"17":{"start":{"line":51,"column":29},"end":{"line":51,"column":58}},"18":{"start":{"line":52,"column":23},"end":{"line":52,"column":63}},"19":{"start":{"line":53,"column":12},"end":{"line":71,"column":19}},"20":{"start":{"line":61,"column":32},"end":{"line":61,"column":51}},"21":{"start":{"line":62,"column":32},"end":{"line":62,"column":55}},"22":{"start":{"line":65,"column":32},"end":{"line":65,"column":51}},"23":{"start":{"line":66,"column":32},"end":{"line":66,"column":65}}},"fnMap":{"0":{"name":"(anonymous_0)","decl":{"start":{"line":10,"column":4},"end":{"line":10,"column":5}},"loc":{"start":{"line":10,"column":23},"end":{"line":15,"column":5}},"line":10},"1":{"name":"(anonymous_1)","decl":{"start":{"line":17,"column":28},"end":{"line":17,"column":29}},"loc":{"start":{"line":17,"column":38},"end":{"line":19,"column":5}},"line":17},"2":{"name":"(anonymous_2)","decl":{"start":{"line":21,"column":16},"end":{"line":21,"column":17}},"loc":{"start":{"line":21,"column":29},"end":{"line":30,"column":5}},"line":21},"3":{"name":"(anonymous_3)","decl":{"start":{"line":32,"column":21},"end":{"line":32,"column":22}},"loc":{"start":{"line":32,"column":31},"end":{"line":34,"column":5}},"line":32},"4":{"name":"(anonymous_4)","decl":{"start":{"line":36,"column":29},"end":{"line":36,"column":30}},"loc":{"start":{"line":36,"column":35},"end":{"line":47,"column":9}},"line":36},"5":{"name":"(anonymous_5)","decl":{"start":{"line":40,"column":24},"end":{"line":40,"column":25}},"loc":{"start":{"line":40,"column":32},"end":{"line":41,"column":32}},"line":40},"6":{"name":"(anonymous_6)","decl":{"start":{"line":48,"column":8},"end":{"line":48,"column":9}},"loc":{"start":{"line":49,"column":8},"end":{"line":72,"column":9}},"line":49},"7":{"name":"(anonymous_7)","decl":{"start":{"line":60,"column":102},"end":{"line":60,"column":103}},"loc":{"start":{"line":60,"column":109},"end":{"line":63,"column":29}},"line":60},"8":{"name":"(anonymous_8)","decl":{"start":{"line":64,"column":89},"end":{"line":64,"column":90}},"loc":{"start":{"line":64,"column":96},"end":{"line":67,"column":29}},"line":64}},"branchMap":{"0":{"loc":{"start":{"line":23,"column":8},"end":{"line":29,"column":9}},"type":"if","locations":[{"start":{"line":23,"column":8},"end":{"line":29,"column":9}},{"start":{"line":23,"column":8},"end":{"line":29,"column":9}}],"line":23},"1":{"loc":{"start":{"line":40,"column":8},"end":{"line":45,"column":10}},"type":"if","locations":[{"start":{"line":40,"column":8},"end":{"line":45,"column":10}},{"start":{"line":40,"column":8},"end":{"line":45,"column":10}}],"line":40},"2":{"loc":{"start":{"line":60,"column":29},"end":{"line":63,"column":51}},"type":"binary-expr","locations":[{"start":{"line":60,"column":30},"end":{"line":60,"column":40}},{"start":{"line":60,"column":44},"end":{"line":60,"column":61}},{"start":{"line":60,"column":66},"end":{"line":63,"column":51}}],"line":60},"3":{"loc":{"start":{"line":64,"column":29},"end":{"line":67,"column":41}},"type":"binary-expr","locations":[{"start":{"line":64,"column":29},"end":{"line":64,"column":49}},{"start":{"line":64,"column":53},"end":{"line":67,"column":41}}],"line":64}},"s":{"0":2,"1":2,"2":3,"3":0,"4":0,"5":0,"6":0,"7":0,"8":0,"9":2,"10":2,"11":2,"12":2,"13":6,"14":0,"15":2,"16":2,"17":2,"18":2,"19":2,"20":0,"21":0,"22":0,"23":0},"f":{"0":2,"1":3,"2":0,"3":0,"4":2,"5":6,"6":2,"7":0,"8":0},"b":{"0":[0,0],"1":[0,2],"2":[2,2,0],"3":[2,0]},"_coverageSchema":"332fd63041d2c1bcb487cc26dd0d5f7d97098a6c","hash":"a67e2639c19760d4446f05912393a4fb771075db"}
,"/Users/rcn9342/PokedexApp/src/containers/AllPokemon.js": {"path":"/Users/rcn9342/PokedexApp/src/containers/AllPokemon.js","statementMap":{"0":{"start":{"line":1,"column":13},"end":{"line":1,"column":75}},"1":{"start":{"line":1,"column":75},"end":{"line":1,"column":106}},"2":{"start":{"line":1,"column":125},"end":{"line":1,"column":181}},"3":{"start":{"line":1,"column":195},"end":{"line":1,"column":211}},"4":{"start":{"line":1,"column":226},"end":{"line":1,"column":256}},"5":{"start":{"line":2,"column":18},"end":{"line":2,"column":40}},"6":{"start":{"line":3,"column":14},"end":{"line":3,"column":40}},"7":{"start":{"line":3,"column":56},"end":{"line":3,"column":87}},"8":{"start":{"line":4,"column":23},"end":{"line":4,"column":63}},"9":{"start":{"line":4,"column":88},"end":{"line":4,"column":128}},"10":{"start":{"line":5,"column":22},"end":{"line":5,"column":49}},"11":{"start":{"line":6,"column":19},"end":{"line":6,"column":42}},"12":{"start":{"line":6,"column":63},"end":{"line":6,"column":99}},"13":{"start":{"line":7,"column":21},"end":{"line":7,"column":46}},"14":{"start":{"line":7,"column":85},"end":{"line":7,"column":139}},"15":{"start":{"line":11,"column":8},"end":{"line":11,"column":21}},"16":{"start":{"line":11,"column":21},"end":{"line":42,"column":10}},"17":{"start":{"line":32,"column":12},"end":{"line":41,"column":13}},"18":{"start":{"line":32,"column":43},"end":{"line":32,"column":93}},"19":{"start":{"line":34,"column":34},"end":{"line":34,"column":52}},"20":{"start":{"line":35,"column":16},"end":{"line":39,"column":19}},"21":{"start":{"line":37,"column":20},"end":{"line":38,"column":54}},"22":{"start":{"line":40,"column":16},"end":{"line":40,"column":56}},"23":{"start":{"line":42,"column":10},"end":{"line":42,"column":86}},"24":{"start":{"line":42,"column":108},"end":{"line":42,"column":279}},"25":{"start":{"line":42,"column":156},"end":{"line":42,"column":166}},"26":{"start":{"line":42,"column":186},"end":{"line":42,"column":276}},"27":{"start":{"line":45,"column":8},"end":{"line":45,"column":18}},"28":{"start":{"line":45,"column":35},"end":{"line":45,"column":49}},"29":{"start":{"line":45,"column":60},"end":{"line":45,"column":74}},"30":{"start":{"line":47,"column":8},"end":{"line":56,"column":231}},"31":{"start":{"line":55,"column":24},"end":{"line":56,"column":225}},"32":{"start":{"line":61,"column":6},"end":{"line":61,"column":38}},"33":{"start":{"line":61,"column":38},"end":{"line":64,"column":39}}},"fnMap":{"0":{"name":"_interopRequireDefault","decl":{"start":{"line":7,"column":56},"end":{"line":7,"column":78}},"loc":{"start":{"line":7,"column":84},"end":{"line":7,"column":140}},"line":7},"1":{"name":"(anonymous_1)","decl":{"start":{"line":10,"column":4},"end":{"line":10,"column":5}},"loc":{"start":{"line":10,"column":23},"end":{"line":42,"column":87}},"line":10},"2":{"name":"(anonymous_2)","decl":{"start":{"line":31,"column":21},"end":{"line":31,"column":22}},"loc":{"start":{"line":31,"column":30},"end":{"line":42,"column":9}},"line":31},"3":{"name":"(anonymous_3)","decl":{"start":{"line":35,"column":49},"end":{"line":35,"column":50}},"loc":{"start":{"line":35,"column":65},"end":{"line":39,"column":17}},"line":35},"4":{"name":"(anonymous_4)","decl":{"start":{"line":42,"column":87},"end":{"line":42,"column":88}},"loc":{"start":{"line":42,"column":107},"end":{"line":42,"column":280}},"line":42},"5":{"name":"(anonymous_5)","decl":{"start":{"line":42,"column":149},"end":{"line":42,"column":150}},"loc":{"start":{"line":42,"column":156},"end":{"line":42,"column":166}},"line":42},"6":{"name":"(anonymous_6)","decl":{"start":{"line":42,"column":173},"end":{"line":42,"column":174}},"loc":{"start":{"line":42,"column":185},"end":{"line":42,"column":277}},"line":42},"7":{"name":"(anonymous_7)","decl":{"start":{"line":44,"column":4},"end":{"line":44,"column":5}},"loc":{"start":{"line":44,"column":13},"end":{"line":61,"column":5}},"line":44},"8":{"name":"(anonymous_8)","decl":{"start":{"line":54,"column":178},"end":{"line":54,"column":179}},"loc":{"start":{"line":55,"column":24},"end":{"line":56,"column":225}},"line":55}},"branchMap":{"0":{"loc":{"start":{"line":7,"column":92},"end":{"line":7,"column":138}},"type":"cond-expr","locations":[{"start":{"line":7,"column":116},"end":{"line":7,"column":119}},{"start":{"line":7,"column":122},"end":{"line":7,"column":138}}],"line":7},"1":{"loc":{"start":{"line":7,"column":92},"end":{"line":7,"column":113}},"type":"binary-expr","locations":[{"start":{"line":7,"column":92},"end":{"line":7,"column":95}},{"start":{"line":7,"column":99},"end":{"line":7,"column":113}}],"line":7},"2":{"loc":{"start":{"line":32,"column":12},"end":{"line":41,"column":13}},"type":"if","locations":[{"start":{"line":32,"column":12},"end":{"line":41,"column":13}},{"start":{"line":32,"column":12},"end":{"line":41,"column":13}}],"line":32}},"s":{"0":0,"1":0,"2":0,"3":0,"4":0,"5":0,"6":0,"7":0,"8":0,"9":0,"10":0,"11":0,"12":0,"13":0,"14":0,"15":0,"16":0,"17":0,"18":0,"19":0,"20":0,"21":0,"22":0,"23":0,"24":0,"25":0,"26":0,"27":0,"28":0,"29":0,"30":0,"31":0,"32":0,"33":0},"f":{"0":0,"1":0,"2":0,"3":0,"4":0,"5":0,"6":0,"7":0,"8":0},"b":{"0":[0,0],"1":[0,0],"2":[0,0]}}
,"/Users/rcn9342/PokedexApp/src/containers/MyPokemonList.js": {"path":"/Users/rcn9342/PokedexApp/src/containers/MyPokemonList.js","statementMap":{"0":{"start":{"line":5,"column":13},"end":{"line":5,"column":79}},"1":{"start":{"line":7,"column":29},"end":{"line":20,"column":2}},"2":{"start":{"line":8,"column":4},"end":{"line":20,"column":1}},"3":{"start":{"line":13,"column":12},"end":{"line":16,"column":25}},"4":{"start":{"line":22,"column":24},"end":{"line":24,"column":2}},"5":{"start":{"line":22,"column":34},"end":{"line":24,"column":1}}},"fnMap":{"0":{"name":"(anonymous_0)","decl":{"start":{"line":7,"column":29},"end":{"line":7,"column":30}},"loc":{"start":{"line":7,"column":40},"end":{"line":20,"column":2}},"line":7},"1":{"name":"(anonymous_1)","decl":{"start":{"line":12,"column":28},"end":{"line":12,"column":29}},"loc":{"start":{"line":13,"column":12},"end":{"line":16,"column":25}},"line":13},"2":{"name":"(anonymous_2)","decl":{"start":{"line":22,"column":24},"end":{"line":22,"column":25}},"loc":{"start":{"line":22,"column":34},"end":{"line":24,"column":1}},"line":22}},"branchMap":{},"s":{"0":1,"1":1,"2":0,"3":0,"4":1,"5":0},"f":{"0":0,"1":0,"2":0},"b":{},"_coverageSchema":"332fd63041d2c1bcb487cc26dd0d5f7d97098a6c","hash":"6e5396da64caa27baa48a2d3e2515e7e0e12cd67"}
,"/Users/rcn9342/PokedexApp/src/reducers/combineReducer.js": {"path":"/Users/rcn9342/PokedexApp/src/reducers/combineReducer.js","statementMap":{"0":{"start":{"line":1,"column":13},"end":{"line":1,"column":75}},"1":{"start":{"line":1,"column":88},"end":{"line":1,"column":104}},"2":{"start":{"line":2,"column":15},"end":{"line":2,"column":35}},"3":{"start":{"line":2,"column":52},"end":{"line":2,"column":84}},"4":{"start":{"line":2,"column":123},"end":{"line":2,"column":177}},"5":{"start":{"line":2,"column":178},"end":{"line":5,"column":29}}},"fnMap":{"0":{"name":"_interopRequireDefault","decl":{"start":{"line":2,"column":94},"end":{"line":2,"column":116}},"loc":{"start":{"line":2,"column":122},"end":{"line":2,"column":178}},"line":2}},"branchMap":{"0":{"loc":{"start":{"line":2,"column":130},"end":{"line":2,"column":176}},"type":"cond-expr","locations":[{"start":{"line":2,"column":154},"end":{"line":2,"column":157}},{"start":{"line":2,"column":160},"end":{"line":2,"column":176}}],"line":2},"1":{"loc":{"start":{"line":2,"column":130},"end":{"line":2,"column":151}},"type":"binary-expr","locations":[{"start":{"line":2,"column":130},"end":{"line":2,"column":133}},{"start":{"line":2,"column":137},"end":{"line":2,"column":151}}],"line":2}},"s":{"0":0,"1":0,"2":0,"3":0,"4":0,"5":0},"f":{"0":0},"b":{"0":[0,0],"1":[0,0]}}
,"/Users/rcn9342/PokedexApp/src/reducers/reducer.js": {"path":"/Users/rcn9342/PokedexApp/src/reducers/reducer.js","statementMap":{"0":{"start":{"line":1,"column":16},"end":{"line":15,"column":1}},"1":{"start":{"line":2,"column":2},"end":{"line":14,"column":3}},"2":{"start":{"line":4,"column":8},"end":{"line":9,"column":7}},"3":{"start":{"line":11,"column":8},"end":{"line":11,"column":70}},"4":{"start":{"line":11,"column":36},"end":{"line":11,"column":69}},"5":{"start":{"line":13,"column":6},"end":{"line":13,"column":18}}},"fnMap":{"0":{"name":"(anonymous_0)","decl":{"start":{"line":1,"column":16},"end":{"line":1,"column":17}},"loc":{"start":{"line":1,"column":40},"end":{"line":15,"column":1}},"line":1},"1":{"name":"(anonymous_1)","decl":{"start":{"line":11,"column":28},"end":{"line":11,"column":29}},"loc":{"start":{"line":11,"column":36},"end":{"line":11,"column":69}},"line":11}},"branchMap":{"0":{"loc":{"start":{"line":1,"column":17},"end":{"line":1,"column":27}},"type":"default-arg","locations":[{"start":{"line":1,"column":25},"end":{"line":1,"column":27}}],"line":1},"1":{"loc":{"start":{"line":2,"column":2},"end":{"line":14,"column":3}},"type":"switch","locations":[{"start":{"line":3,"column":4},"end":{"line":9,"column":7}},{"start":{"line":10,"column":5},"end":{"line":11,"column":70}},{"start":{"line":12,"column":4},"end":{"line":13,"column":18}}],"line":2}},"s":{"0":1,"1":3,"2":1,"3":1,"4":0,"5":1},"f":{"0":3,"1":0},"b":{"0":[1],"1":[1,1,1]},"_coverageSchema":"332fd63041d2c1bcb487cc26dd0d5f7d97098a6c","hash":"21da0ae18f1f1467983f735b7123b4d921eb05fd"}
,"/Users/rcn9342/PokedexApp/src/tests/test-utils/AsyncUtil.js": {"path":"/Users/rcn9342/PokedexApp/src/tests/test-utils/AsyncUtil.js","statementMap":{"0":{"start":{"line":2,"column":27},"end":{"line":11,"column":1}},"1":{"start":{"line":3,"column":2},"end":{"line":10,"column":12}},"2":{"start":{"line":4,"column":4},"end":{"line":9,"column":5}},"3":{"start":{"line":5,"column":6},"end":{"line":5,"column":18}},"4":{"start":{"line":6,"column":6},"end":{"line":6,"column":12}},"5":{"start":{"line":8,"column":6},"end":{"line":8,"column":22}}},"fnMap":{"0":{"name":"(anonymous_0)","decl":{"start":{"line":2,"column":27},"end":{"line":2,"column":28}},"loc":{"start":{"line":2,"column":58},"end":{"line":11,"column":1}},"line":2},"1":{"name":"(anonymous_1)","decl":{"start":{"line":3,"column":13},"end":{"line":3,"column":14}},"loc":{"start":{"line":3,"column":23},"end":{"line":10,"column":3}},"line":3}},"branchMap":{"0":{"loc":{"start":{"line":2,"column":44},"end":{"line":2,"column":53}},"type":"default-arg","locations":[{"start":{"line":2,"column":52},"end":{"line":2,"column":53}}],"line":2}},"s":{"0":1,"1":1,"2":1,"3":1,"4":1,"5":0},"f":{"0":1,"1":1},"b":{"0":[1]},"_coverageSchema":"332fd63041d2c1bcb487cc26dd0d5f7d97098a6c","hash":"519bc93862a6b9230330183efd4acd3515db537c"}
,"/Users/rcn9342/PokedexApp/src/tests/test-utils/LocalStorageMock.js": {"path":"/Users/rcn9342/PokedexApp/src/tests/test-utils/LocalStorageMock.js","statementMap":{"0":{"start":{"line":3,"column":8},"end":{"line":3,"column":24}},"1":{"start":{"line":7,"column":8},"end":{"line":7,"column":24}},"2":{"start":{"line":11,"column":8},"end":{"line":11,"column":39}},"3":{"start":{"line":15,"column":8},"end":{"line":15,"column":43}},"4":{"start":{"line":19,"column":8},"end":{"line":19,"column":31}},"5":{"start":{"line":23,"column":0},"end":{"line":23,"column":45}}},"fnMap":{"0":{"name":"(anonymous_0)","decl":{"start":{"line":2,"column":4},"end":{"line":2,"column":5}},"loc":{"start":{"line":2,"column":18},"end":{"line":4,"column":5}},"line":2},"1":{"name":"(anonymous_1)","decl":{"start":{"line":6,"column":4},"end":{"line":6,"column":5}},"loc":{"start":{"line":6,"column":12},"end":{"line":8,"column":5}},"line":6},"2":{"name":"(anonymous_2)","decl":{"start":{"line":10,"column":4},"end":{"line":10,"column":5}},"loc":{"start":{"line":10,"column":17},"end":{"line":12,"column":5}},"line":10},"3":{"name":"(anonymous_3)","decl":{"start":{"line":14,"column":4},"end":{"line":14,"column":5}},"loc":{"start":{"line":14,"column":24},"end":{"line":16,"column":5}},"line":14},"4":{"name":"(anonymous_4)","decl":{"start":{"line":18,"column":4},"end":{"line":18,"column":5}},"loc":{"start":{"line":18,"column":20},"end":{"line":20,"column":5}},"line":18}},"branchMap":{"0":{"loc":{"start":{"line":11,"column":15},"end":{"line":11,"column":38}},"type":"binary-expr","locations":[{"start":{"line":11,"column":15},"end":{"line":11,"column":30}},{"start":{"line":11,"column":34},"end":{"line":11,"column":38}}],"line":11}},"s":{"0":0,"1":0,"2":0,"3":0,"4":0,"5":0},"f":{"0":0,"1":0,"2":0,"3":0,"4":0},"b":{"0":[0,0]}}
,"/Users/rcn9342/PokedexApp/src/utils/WebApi.js": {"path":"/Users/rcn9342/PokedexApp/src/utils/WebApi.js","statementMap":{"0":{"start":{"line":2,"column":13},"end":{"line":11,"column":1}},"1":{"start":{"line":5,"column":8},"end":{"line":5,"column":67}},"2":{"start":{"line":9,"column":7},"end":{"line":9,"column":60}}},"fnMap":{},"branchMap":{},"s":{"0":1,"1":0,"2":0},"f":{},"b":{},"_coverageSchema":"332fd63041d2c1bcb487cc26dd0d5f7d97098a6c","hash":"a58e36749f53d50a68623adcf838807f6be1af35"}
,"/Users/rcn9342/PokedexApp/src/utils/localStorage.js": {"path":"/Users/rcn9342/PokedexApp/src/utils/localStorage.js","statementMap":{"0":{"start":{"line":1,"column":13},"end":{"line":1,"column":75}},"1":{"start":{"line":1,"column":93},"end":{"line":11,"column":1}},"2":{"start":{"line":2,"column":4},"end":{"line":10,"column":5}},"3":{"start":{"line":3,"column":32},"end":{"line":3,"column":61}},"4":{"start":{"line":4,"column":8},"end":{"line":5,"column":25}},"5":{"start":{"line":5,"column":8},"end":{"line":5,"column":25}},"6":{"start":{"line":6,"column":8},"end":{"line":6,"column":43}},"7":{"start":{"line":9,"column":8},"end":{"line":9,"column":25}},"8":{"start":{"line":13,"column":18},"end":{"line":22,"column":1}},"9":{"start":{"line":14,"column":4},"end":{"line":21,"column":5}},"10":{"start":{"line":15,"column":32},"end":{"line":15,"column":53}},"11":{"start":{"line":16,"column":8},"end":{"line":16,"column":55}}},"fnMap":{"0":{"name":"(anonymous_0)","decl":{"start":{"line":1,"column":113},"end":{"line":1,"column":114}},"loc":{"start":{"line":1,"column":119},"end":{"line":11,"column":1}},"line":1},"1":{"name":"(anonymous_1)","decl":{"start":{"line":13,"column":38},"end":{"line":13,"column":39}},"loc":{"start":{"line":13,"column":47},"end":{"line":22,"column":1}},"line":13}},"branchMap":{"0":{"loc":{"start":{"line":4,"column":8},"end":{"line":5,"column":25}},"type":"if","locations":[{"start":{"line":4,"column":8},"end":{"line":5,"column":25}},{"start":{"line":4,"column":8},"end":{"line":5,"column":25}}],"line":4}},"s":{"0":0,"1":0,"2":0,"3":0,"4":0,"5":0,"6":0,"7":0,"8":0,"9":0,"10":0,"11":0},"f":{"0":0,"1":0},"b":{"0":[0,0]}}
}
